{"uid":"239c25f0a0a9fef9","name":"Age restriction upon login","fullName":"AutomationFrameworkTest/Features/Numeric Tests/Age restriction upon login","historyId":"a92bf75cde708065618ddd62803d7539","time":{"start":1759527007358,"stop":1759527007491,"duration":133},"status":"failed","statusMessage":"  The user Cedric wasn't accepted into the system because it's a minor\nAssert.That(allowed == true, Is.True)\r\n  Expected: True\r\n  But was:  False\r\n","statusTrace":"NUnit.Framework.AssertionException:   The user Cedric wasn't accepted into the system because it's a minor\nAssert.That(allowed == true, Is.True)\r\n  Expected: True\r\n  But was:  False\r\n\r\n   at NUnit.Framework.Assert.ReportFailure(String message)\r\n   at NUnit.Framework.Assert.ReportFailure(ConstraintResult result, String message, String actualExpression, String constraintExpression)\r\n   at NUnit.Framework.Assert.That[TActual](TActual actual, IResolveConstraint expression, NUnitString message, String actualExpression, String constraintExpression)\r\n   at NUnit.Framework.Assert.That(Boolean condition, NUnitString message, String actualExpression)\r\n   at AutomationFrameworkTest.Steps.ShortSteps_B.ThenUserIsAllowedToLogIntoTheWebsite() in D:\\a\\c-sharp-framework\\c-sharp-framework\\AutomationFrameworkTest\\Steps\\ShortSteps_B.cs:line 20\r\n   at InvokeStub_Action`1.Invoke(Object, Span`1)\r\n   at System.Reflection.MethodBaseInvoker.InvokeWithOneArg(Object obj, BindingFlags invokeAttr, Binder binder, Object[] parameters, CultureInfo culture)\r\n--- End of stack trace from previous location ---\r\n   at Reqnroll.Bindings.BindingInvoker.InvokeBindingAsync(IBinding binding, IContextManager contextManager, Object[] arguments, ITestTracer testTracer, DurationHolder durationHolder)\r\n   at Reqnroll.Infrastructure.TestExecutionEngine.ExecuteStepMatchAsync(BindingMatch match, Object[] arguments, DurationHolder durationHolder)\r\n   at Reqnroll.Infrastructure.TestExecutionEngine.ExecuteStepAsync(IContextManager contextManager, StepInstance stepInstance)\r\n   at Reqnroll.Infrastructure.TestExecutionEngine.OnAfterLastStepAsync()\r\n   at Reqnroll.TestRunner.CollectScenarioErrorsAsync()\r\n   at Allure.ReqnrollPlugin.SelectiveRun.TestPlanAwareTestRunner.CollectScenarioErrorsAsync()\r\n   at AutomationFrameworkTest.Features.NumericTestsFeature.ScenarioCleanupAsync()\r\n   at AutomationFrameworkTest.Features.NumericTestsFeature.AgeRestrictionUponLogin(String name, String age, String[] exampleTags) in D:\\a\\c-sharp-framework\\c-sharp-framework\\AutomationFrameworkTest\\Features\\NumericTests.feature:line 8\r\n   at NUnit.Framework.Internal.TaskAwaitAdapter.GenericAdapter`1.GetResult()\r\n   at NUnit.Framework.Internal.AsyncToSyncAdapter.Await[TResult](TestExecutionContext context, Func`1 invoke)\r\n   at NUnit.Framework.Internal.AsyncToSyncAdapter.Await(TestExecutionContext context, Func`1 invoke)\r\n   at NUnit.Framework.Internal.Commands.TestMethodCommand.RunTestMethod(TestExecutionContext context)\r\n   at NUnit.Framework.Internal.Commands.TestMethodCommand.Execute(TestExecutionContext context)\r\n   at NUnit.Framework.Internal.Commands.BeforeAndAfterTestCommand.<>c__DisplayClass1_0.<Execute>b__0()\r\n   at NUnit.Framework.Internal.Commands.DelegatingTestCommand.RunTestMethodInThreadAbortSafeZone(TestExecutionContext context, Action action)","flaky":false,"newFailed":false,"newBroken":false,"newPassed":false,"retriesCount":0,"retriesStatusChange":false,"beforeStages":[],"testStage":{"status":"failed","statusMessage":"  The user Cedric wasn't accepted into the system because it's a minor\nAssert.That(allowed == true, Is.True)\r\n  Expected: True\r\n  But was:  False\r\n","statusTrace":"NUnit.Framework.AssertionException:   The user Cedric wasn't accepted into the system because it's a minor\nAssert.That(allowed == true, Is.True)\r\n  Expected: True\r\n  But was:  False\r\n\r\n   at NUnit.Framework.Assert.ReportFailure(String message)\r\n   at NUnit.Framework.Assert.ReportFailure(ConstraintResult result, String message, String actualExpression, String constraintExpression)\r\n   at NUnit.Framework.Assert.That[TActual](TActual actual, IResolveConstraint expression, NUnitString message, String actualExpression, String constraintExpression)\r\n   at NUnit.Framework.Assert.That(Boolean condition, NUnitString message, String actualExpression)\r\n   at AutomationFrameworkTest.Steps.ShortSteps_B.ThenUserIsAllowedToLogIntoTheWebsite() in D:\\a\\c-sharp-framework\\c-sharp-framework\\AutomationFrameworkTest\\Steps\\ShortSteps_B.cs:line 20\r\n   at InvokeStub_Action`1.Invoke(Object, Span`1)\r\n   at System.Reflection.MethodBaseInvoker.InvokeWithOneArg(Object obj, BindingFlags invokeAttr, Binder binder, Object[] parameters, CultureInfo culture)\r\n--- End of stack trace from previous location ---\r\n   at Reqnroll.Bindings.BindingInvoker.InvokeBindingAsync(IBinding binding, IContextManager contextManager, Object[] arguments, ITestTracer testTracer, DurationHolder durationHolder)\r\n   at Reqnroll.Infrastructure.TestExecutionEngine.ExecuteStepMatchAsync(BindingMatch match, Object[] arguments, DurationHolder durationHolder)\r\n   at Reqnroll.Infrastructure.TestExecutionEngine.ExecuteStepAsync(IContextManager contextManager, StepInstance stepInstance)\r\n   at Reqnroll.Infrastructure.TestExecutionEngine.OnAfterLastStepAsync()\r\n   at Reqnroll.TestRunner.CollectScenarioErrorsAsync()\r\n   at Allure.ReqnrollPlugin.SelectiveRun.TestPlanAwareTestRunner.CollectScenarioErrorsAsync()\r\n   at AutomationFrameworkTest.Features.NumericTestsFeature.ScenarioCleanupAsync()\r\n   at AutomationFrameworkTest.Features.NumericTestsFeature.AgeRestrictionUponLogin(String name, String age, String[] exampleTags) in D:\\a\\c-sharp-framework\\c-sharp-framework\\AutomationFrameworkTest\\Features\\NumericTests.feature:line 8\r\n   at NUnit.Framework.Internal.TaskAwaitAdapter.GenericAdapter`1.GetResult()\r\n   at NUnit.Framework.Internal.AsyncToSyncAdapter.Await[TResult](TestExecutionContext context, Func`1 invoke)\r\n   at NUnit.Framework.Internal.AsyncToSyncAdapter.Await(TestExecutionContext context, Func`1 invoke)\r\n   at NUnit.Framework.Internal.Commands.TestMethodCommand.RunTestMethod(TestExecutionContext context)\r\n   at NUnit.Framework.Internal.Commands.TestMethodCommand.Execute(TestExecutionContext context)\r\n   at NUnit.Framework.Internal.Commands.BeforeAndAfterTestCommand.<>c__DisplayClass1_0.<Execute>b__0()\r\n   at NUnit.Framework.Internal.Commands.DelegatingTestCommand.RunTestMethodInThreadAbortSafeZone(TestExecutionContext context, Action action)","steps":[{"name":"Given the user \"Cedric\" inputs its 16","time":{"start":1759527007358,"stop":1759527007410,"duration":52},"status":"passed","steps":[],"attachments":[],"parameters":[],"shouldDisplayMessage":false,"stepsCount":0,"attachmentsCount":0,"hasContent":false},{"name":"Then user is allowed to log into the website","time":{"start":1759527007410,"stop":1759527007486,"duration":76},"status":"failed","statusMessage":"  The user Cedric wasn't accepted into the system because it's a minor\nAssert.That(allowed == true, Is.True)\r\n  Expected: True\r\n  But was:  False\r\n","statusTrace":"NUnit.Framework.AssertionException:   The user Cedric wasn't accepted into the system because it's a minor\nAssert.That(allowed == true, Is.True)\r\n  Expected: True\r\n  But was:  False\r\n\r\n   at NUnit.Framework.Assert.ReportFailure(String message)\r\n   at NUnit.Framework.Assert.ReportFailure(ConstraintResult result, String message, String actualExpression, String constraintExpression)\r\n   at NUnit.Framework.Assert.That[TActual](TActual actual, IResolveConstraint expression, NUnitString message, String actualExpression, String constraintExpression)\r\n   at NUnit.Framework.Assert.That(Boolean condition, NUnitString message, String actualExpression)\r\n   at AutomationFrameworkTest.Steps.ShortSteps_B.ThenUserIsAllowedToLogIntoTheWebsite() in D:\\a\\c-sharp-framework\\c-sharp-framework\\AutomationFrameworkTest\\Steps\\ShortSteps_B.cs:line 20\r\n   at InvokeStub_Action`1.Invoke(Object, Span`1)\r\n   at System.Reflection.MethodBaseInvoker.InvokeWithOneArg(Object obj, BindingFlags invokeAttr, Binder binder, Object[] parameters, CultureInfo culture)\r\n--- End of stack trace from previous location ---\r\n   at Reqnroll.Bindings.BindingInvoker.InvokeBindingAsync(IBinding binding, IContextManager contextManager, Object[] arguments, ITestTracer testTracer, DurationHolder durationHolder)\r\n   at Reqnroll.Infrastructure.TestExecutionEngine.ExecuteStepMatchAsync(BindingMatch match, Object[] arguments, DurationHolder durationHolder)\r\n   at Reqnroll.Infrastructure.TestExecutionEngine.ExecuteStepAsync(IContextManager contextManager, StepInstance stepInstance)","steps":[],"attachments":[],"parameters":[],"shouldDisplayMessage":true,"stepsCount":0,"attachmentsCount":0,"hasContent":true}],"attachments":[],"parameters":[],"shouldDisplayMessage":false,"stepsCount":2,"attachmentsCount":0,"hasContent":true},"afterStages":[],"labels":[{"name":"host","value":"runnervmd3hz3"},{"name":"thread","value":"NUnit.Fw.ParallelWorker#3"},{"name":"language","value":"C#"},{"name":"framework","value":"Reqnroll"},{"name":"package","value":"Features.Numeric Tests"},{"name":"feature","value":"Numeric Tests"},{"name":"tag","value":"non_web_tests"},{"name":"resultFormat","value":"allure2"}],"parameters":[{"name":"age","value":"\"16\""},{"name":"name","value":"\"Cedric\""}],"links":[],"hidden":false,"retry":false,"extra":{"severity":"normal","retries":[],"categories":[{"name":"Product defects","matchedStatuses":[],"flaky":false}],"history":{"statistic":{"failed":3,"broken":0,"skipped":0,"passed":0,"unknown":0,"total":3},"items":[{"uid":"5a15fafc0742b9aa","reportUrl":"https://fragsman.github.io/c-sharp-framework/14//#testresult/5a15fafc0742b9aa","status":"failed","statusDetails":"  The user Cedric wasn't accepted into the system because it's a minor\nAssert.That(allowed == true, Is.True)\r\n  Expected: True\r\n  But was:  False\r\n","time":{"start":1759526230241,"stop":1759526230353,"duration":112}},{"uid":"5cedd5cc45ec11cf","reportUrl":"https://fragsman.github.io/c-sharp-framework/13//#testresult/5cedd5cc45ec11cf","status":"failed","statusDetails":"  The user Cedric wasn't accepted into the system because it's a minor\nAssert.That(allowed == true, Is.True)\r\n  Expected: True\r\n  But was:  False\r\n","time":{"start":1759524629624,"stop":1759524629687,"duration":63}}]},"tags":["non_web_tests"]},"source":"239c25f0a0a9fef9.json","parameterValues":["\"16\"","\"Cedric\""]}